Determining if the pthread_create exist failed with the following output:
Change Dir: /home/nicholas/projects/CSCI3060-SOFE3980-Project/gtest/CMakeFiles/CMakeTmp

Run Build Command:/usr/bin/make "cmTryCompileExec1166579473/fast"
/usr/bin/make -f CMakeFiles/cmTryCompileExec1166579473.dir/build.make CMakeFiles/cmTryCompileExec1166579473.dir/build
make[1]: Entering directory `/home/nicholas/projects/CSCI3060-SOFE3980-Project/gtest/CMakeFiles/CMakeTmp'
/usr/bin/cmake -E cmake_progress_report /home/nicholas/projects/CSCI3060-SOFE3980-Project/gtest/CMakeFiles/CMakeTmp/CMakeFiles 1
Building C object CMakeFiles/cmTryCompileExec1166579473.dir/CheckSymbolExists.c.o
/usr/bin/cc    -o CMakeFiles/cmTryCompileExec1166579473.dir/CheckSymbolExists.c.o   -c /home/nicholas/projects/CSCI3060-SOFE3980-Project/gtest/CMakeFiles/CMakeTmp/CheckSymbolExists.c
Linking C executable cmTryCompileExec1166579473
/usr/bin/cmake -E cmake_link_script CMakeFiles/cmTryCompileExec1166579473.dir/link.txt --verbose=1
/usr/bin/cc       CMakeFiles/cmTryCompileExec1166579473.dir/CheckSymbolExists.c.o  -o cmTryCompileExec1166579473 -rdynamic 
CMakeFiles/cmTryCompileExec1166579473.dir/CheckSymbolExists.c.o: In function `main':
CheckSymbolExists.c:(.text+0x16): undefined reference to `pthread_create'
collect2: error: ld returned 1 exit status
make[1]: *** [cmTryCompileExec1166579473] Error 1
make[1]: Leaving directory `/home/nicholas/projects/CSCI3060-SOFE3980-Project/gtest/CMakeFiles/CMakeTmp'
make: *** [cmTryCompileExec1166579473/fast] Error 2

File /home/nicholas/projects/CSCI3060-SOFE3980-Project/gtest/CMakeFiles/CMakeTmp/CheckSymbolExists.c:
/* */
#include <pthread.h>

int main(int argc, char** argv)
{
  (void)argv;
#ifndef pthread_create
  return ((int*)(&pthread_create))[argc];
#else
  (void)argc;
  return 0;
#endif
}

Determining if the function pthread_create exists in the pthreads failed with the following output:
Change Dir: /home/nicholas/projects/CSCI3060-SOFE3980-Project/gtest/CMakeFiles/CMakeTmp

Run Build Command:/usr/bin/make "cmTryCompileExec2769567086/fast"
/usr/bin/make -f CMakeFiles/cmTryCompileExec2769567086.dir/build.make CMakeFiles/cmTryCompileExec2769567086.dir/build
make[1]: Entering directory `/home/nicholas/projects/CSCI3060-SOFE3980-Project/gtest/CMakeFiles/CMakeTmp'
/usr/bin/cmake -E cmake_progress_report /home/nicholas/projects/CSCI3060-SOFE3980-Project/gtest/CMakeFiles/CMakeTmp/CMakeFiles 1
Building C object CMakeFiles/cmTryCompileExec2769567086.dir/CheckFunctionExists.c.o
/usr/bin/cc   -DCHECK_FUNCTION_EXISTS=pthread_create   -o CMakeFiles/cmTryCompileExec2769567086.dir/CheckFunctionExists.c.o   -c /usr/share/cmake-2.8/Modules/CheckFunctionExists.c
Linking C executable cmTryCompileExec2769567086
/usr/bin/cmake -E cmake_link_script CMakeFiles/cmTryCompileExec2769567086.dir/link.txt --verbose=1
/usr/bin/cc   -DCHECK_FUNCTION_EXISTS=pthread_create    CMakeFiles/cmTryCompileExec2769567086.dir/CheckFunctionExists.c.o  -o cmTryCompileExec2769567086 -rdynamic -lpthreads 
/usr/bin/ld: cannot find -lpthreads
collect2: error: ld returned 1 exit status
make[1]: *** [cmTryCompileExec2769567086] Error 1
make[1]: Leaving directory `/home/nicholas/projects/CSCI3060-SOFE3980-Project/gtest/CMakeFiles/CMakeTmp'
make: *** [cmTryCompileExec2769567086/fast] Error 2


